DEBUG   2021-09-19 10:32:51 [main] io.netty.util.internal.logging.InternalLoggerFactory (InternalLoggerFactory.java:89) - Using Log4J as the default logging framework
DEBUG   2021-09-19 10:32:51 [main] io.netty.channel.MultithreadEventLoopGroup (MultithreadEventLoopGroup.java:44) - -Dio.netty.eventLoopThreads: 12
DEBUG   2021-09-19 10:32:51 [main] io.netty.util.internal.InternalThreadLocalMap (InternalThreadLocalMap.java:83) - -Dio.netty.threadLocalMap.stringBuilder.initialSize: 1024
DEBUG   2021-09-19 10:32:51 [main] io.netty.util.internal.InternalThreadLocalMap (InternalThreadLocalMap.java:86) - -Dio.netty.threadLocalMap.stringBuilder.maxSize: 4096
DEBUG   2021-09-19 10:32:51 [main] io.netty.channel.nio.NioEventLoop (NioEventLoop.java:106) - -Dio.netty.noKeySetOptimization: false
DEBUG   2021-09-19 10:32:51 [main] io.netty.channel.nio.NioEventLoop (NioEventLoop.java:107) - -Dio.netty.selectorAutoRebuildThreshold: 512
DEBUG   2021-09-19 10:32:51 [main] io.netty.util.internal.PlatformDependent0 (PlatformDependent0.java:460) - -Dio.netty.noUnsafe: false
DEBUG   2021-09-19 10:32:51 [main] io.netty.util.internal.PlatformDependent0 (PlatformDependent0.java:954) - Java version: 15
DEBUG   2021-09-19 10:32:51 [main] io.netty.util.internal.PlatformDependent0 (PlatformDependent0.java:135) - sun.misc.Unsafe.theUnsafe: available
DEBUG   2021-09-19 10:32:51 [main] io.netty.util.internal.PlatformDependent0 (PlatformDependent0.java:159) - sun.misc.Unsafe.copyMemory: available
DEBUG   2021-09-19 10:32:51 [main] io.netty.util.internal.PlatformDependent0 (PlatformDependent0.java:202) - java.nio.Buffer.address: available
DEBUG   2021-09-19 10:32:51 [main] io.netty.util.internal.PlatformDependent0 (PlatformDependent0.java:285) - direct buffer constructor: unavailable: Reflective setAccessible(true) disabled
DEBUG   2021-09-19 10:32:51 [main] io.netty.util.internal.PlatformDependent0 (PlatformDependent0.java:350) - java.nio.Bits.unaligned: available, true
DEBUG   2021-09-19 10:32:51 [main] io.netty.util.internal.PlatformDependent0 (PlatformDependent0.java:417) - jdk.internal.misc.Unsafe.allocateUninitializedArray(int): unavailable: class io.netty.util.internal.PlatformDependent0$6 cannot access class jdk.internal.misc.Unsafe (in module java.base) because module java.base does not export jdk.internal.misc to unnamed module @3fd7a715
DEBUG   2021-09-19 10:32:51 [main] io.netty.util.internal.PlatformDependent0 (PlatformDependent0.java:446) - java.nio.DirectByteBuffer.<init>(long, int): unavailable
DEBUG   2021-09-19 10:32:51 [main] io.netty.util.internal.PlatformDependent (PlatformDependent.java:1103) - sun.misc.Unsafe: available
DEBUG   2021-09-19 10:32:51 [main] io.netty.util.internal.PlatformDependent (PlatformDependent.java:1205) - maxDirectMemory: 4282384384 bytes (maybe)
DEBUG   2021-09-19 10:32:51 [main] io.netty.util.internal.PlatformDependent (PlatformDependent.java:1224) - -Dio.netty.tmpdir: C:\Users\User\AppData\Local\Temp (java.io.tmpdir)
DEBUG   2021-09-19 10:32:51 [main] io.netty.util.internal.PlatformDependent (PlatformDependent.java:1303) - -Dio.netty.bitMode: 64 (sun.arch.data.model)
DEBUG   2021-09-19 10:32:51 [main] io.netty.util.internal.PlatformDependent (PlatformDependent.java:1063) - Platform: Windows
DEBUG   2021-09-19 10:32:51 [main] io.netty.util.internal.PlatformDependent (PlatformDependent.java:178) - -Dio.netty.maxDirectMemory: -1 bytes
DEBUG   2021-09-19 10:32:51 [main] io.netty.util.internal.PlatformDependent (PlatformDependent.java:185) - -Dio.netty.uninitializedArrayAllocationThreshold: -1
DEBUG   2021-09-19 10:32:51 [main] io.netty.util.internal.CleanerJava9 (CleanerJava9.java:71) - java.nio.ByteBuffer.cleaner(): available
DEBUG   2021-09-19 10:32:51 [main] io.netty.util.internal.PlatformDependent (PlatformDependent.java:205) - -Dio.netty.noPreferDirect: false
DEBUG   2021-09-19 10:32:51 [main] io.netty.util.internal.PlatformDependent$Mpsc (PlatformDependent.java:967) - org.jctools-core.MpscChunkedArrayQueue: available
DEBUG   2021-09-19 10:32:52 [main] io.netty.channel.DefaultChannelId (DefaultChannelId.java:79) - -Dio.netty.processId: 14696 (auto-detected)
DEBUG   2021-09-19 10:32:52 [main] io.netty.util.NetUtil (NetUtil.java:135) - -Djava.net.preferIPv4Stack: false
DEBUG   2021-09-19 10:32:52 [main] io.netty.util.NetUtil (NetUtil.java:136) - -Djava.net.preferIPv6Addresses: false
DEBUG   2021-09-19 10:32:52 [main] io.netty.util.NetUtilInitializations (NetUtilInitializations.java:129) - Loopback interface: lo (Software Loopback Interface 1, 127.0.0.1)
DEBUG   2021-09-19 10:32:52 [main] io.netty.util.NetUtil$1 (NetUtil.java:187) - Failed to get SOMAXCONN from sysctl and file \proc\sys\net\core\somaxconn. Default: 200
DEBUG   2021-09-19 10:32:52 [main] io.netty.channel.DefaultChannelId (DefaultChannelId.java:101) - -Dio.netty.machineId: 2c:f0:5d:ff:fe:88:cf:f8 (auto-detected)
DEBUG   2021-09-19 10:32:52 [main] io.netty.util.ResourceLeakDetector (ResourceLeakDetector.java:129) - -Dio.netty.leakDetection.level: simple
DEBUG   2021-09-19 10:32:52 [main] io.netty.util.ResourceLeakDetector (ResourceLeakDetector.java:130) - -Dio.netty.leakDetection.targetRecords: 4
DEBUG   2021-09-19 10:32:52 [main] io.netty.buffer.PooledByteBufAllocator (PooledByteBufAllocator.java:155) - -Dio.netty.allocator.numHeapArenas: 12
DEBUG   2021-09-19 10:32:52 [main] io.netty.buffer.PooledByteBufAllocator (PooledByteBufAllocator.java:156) - -Dio.netty.allocator.numDirectArenas: 12
DEBUG   2021-09-19 10:32:52 [main] io.netty.buffer.PooledByteBufAllocator (PooledByteBufAllocator.java:158) - -Dio.netty.allocator.pageSize: 8192
DEBUG   2021-09-19 10:32:52 [main] io.netty.buffer.PooledByteBufAllocator (PooledByteBufAllocator.java:163) - -Dio.netty.allocator.maxOrder: 11
DEBUG   2021-09-19 10:32:52 [main] io.netty.buffer.PooledByteBufAllocator (PooledByteBufAllocator.java:167) - -Dio.netty.allocator.chunkSize: 16777216
DEBUG   2021-09-19 10:32:52 [main] io.netty.buffer.PooledByteBufAllocator (PooledByteBufAllocator.java:168) - -Dio.netty.allocator.smallCacheSize: 256
DEBUG   2021-09-19 10:32:52 [main] io.netty.buffer.PooledByteBufAllocator (PooledByteBufAllocator.java:169) - -Dio.netty.allocator.normalCacheSize: 64
DEBUG   2021-09-19 10:32:52 [main] io.netty.buffer.PooledByteBufAllocator (PooledByteBufAllocator.java:170) - -Dio.netty.allocator.maxCachedBufferCapacity: 32768
DEBUG   2021-09-19 10:32:52 [main] io.netty.buffer.PooledByteBufAllocator (PooledByteBufAllocator.java:171) - -Dio.netty.allocator.cacheTrimInterval: 8192
DEBUG   2021-09-19 10:32:52 [main] io.netty.buffer.PooledByteBufAllocator (PooledByteBufAllocator.java:172) - -Dio.netty.allocator.cacheTrimIntervalMillis: 0
DEBUG   2021-09-19 10:32:52 [main] io.netty.buffer.PooledByteBufAllocator (PooledByteBufAllocator.java:173) - -Dio.netty.allocator.useCacheForAllThreads: true
DEBUG   2021-09-19 10:32:52 [main] io.netty.buffer.PooledByteBufAllocator (PooledByteBufAllocator.java:174) - -Dio.netty.allocator.maxCachedByteBuffersPerChunk: 1023
DEBUG   2021-09-19 10:32:52 [main] io.netty.buffer.ByteBufUtil (ByteBufUtil.java:87) - -Dio.netty.allocator.type: pooled
DEBUG   2021-09-19 10:32:52 [main] io.netty.buffer.ByteBufUtil (ByteBufUtil.java:96) - -Dio.netty.threadLocalDirectBufferSize: 0
DEBUG   2021-09-19 10:32:52 [main] io.netty.buffer.ByteBufUtil (ByteBufUtil.java:99) - -Dio.netty.maxThreadLocalCharBufferSize: 16384
DEBUG   2021-09-19 10:33:12 [nioEventLoopGroup-3-1] io.netty.util.Recycler (Recycler.java:103) - -Dio.netty.recycler.maxCapacityPerThread: 4096
DEBUG   2021-09-19 10:33:12 [nioEventLoopGroup-3-1] io.netty.util.Recycler (Recycler.java:104) - -Dio.netty.recycler.maxSharedCapacityFactor: 2
DEBUG   2021-09-19 10:33:12 [nioEventLoopGroup-3-1] io.netty.util.Recycler (Recycler.java:105) - -Dio.netty.recycler.linkCapacity: 16
DEBUG   2021-09-19 10:33:12 [nioEventLoopGroup-3-1] io.netty.util.Recycler (Recycler.java:106) - -Dio.netty.recycler.ratio: 8
DEBUG   2021-09-19 10:33:12 [nioEventLoopGroup-3-1] io.netty.util.Recycler (Recycler.java:107) - -Dio.netty.recycler.delayedQueue.ratio: 8
DEBUG   2021-09-19 10:33:12 [nioEventLoopGroup-3-1] io.netty.buffer.AbstractByteBuf (AbstractByteBuf.java:63) - -Dio.netty.buffer.checkAccessible: true
DEBUG   2021-09-19 10:33:12 [nioEventLoopGroup-3-1] io.netty.buffer.AbstractByteBuf (AbstractByteBuf.java:64) - -Dio.netty.buffer.checkBounds: true
DEBUG   2021-09-19 10:33:12 [nioEventLoopGroup-3-1] io.netty.util.ResourceLeakDetectorFactory$DefaultResourceLeakDetectorFactory (ResourceLeakDetectorFactory.java:196) - Loaded default ResourceLeakDetector: io.netty.util.ResourceLeakDetector@1e7469f3
DEBUG   2021-09-19 10:33:12 [nioEventLoopGroup-3-1] service.DataBaseService (DataBaseService.java:115) - select Nickname from Users where Login = 'A'and Password ='A';
INFO    2021-09-19 10:33:12 [nioEventLoopGroup-3-1] service.AuthenticationService (AuthenticationService.java:32) - Alex : authorization success
